{"synthetic": false,
 "schemaVersion": "2025-09-10",
 "outputs":
 {"o": ["b07bd4d0fd987c41.olean"],
  "i": "8dbe1b72e39ae076.ilean",
  "c": "08c2ee0c713d8c02.c"},
 "log":
 [{"message":
   ".> LEAN_PATH=/app/.lake/packages/Cli/.lake/build/lib/lean:/app/.lake/packages/batteries/.lake/build/lib/lean:/app/.lake/packages/Qq/.lake/build/lib/lean:/app/.lake/packages/aesop/.lake/build/lib/lean:/app/.lake/packages/proofwidgets/.lake/build/lib/lean:/app/.lake/packages/importGraph/.lake/build/lib/lean:/app/.lake/packages/LeanSearchClient/.lake/build/lib/lean:/app/.lake/packages/plausible/.lake/build/lib/lean:/app/.lake/packages/mathlib/.lake/build/lib/lean:/app/.lake/build/lib/lean /home/jules/.elan/toolchains/leanprover--lean4---v4.27.0-rc1/bin/lean /app/src/ARK_Core/CalculusFact.lean -o /app/.lake/build/lib/lean/ARK_Core/CalculusFact.olean -i /app/.lake/build/lib/lean/ARK_Core/CalculusFact.ilean -c /app/.lake/build/ir/ARK_Core/CalculusFact.c --setup /app/.lake/build/ir/ARK_Core/CalculusFact.setup.json --json",
   "level": "trace"},
  {"message": "src/ARK_Core/CalculusFact.lean:16:8: declaration uses 'sorry'",
   "level": "warning"}],
 "inputs":
 [["ARK_Core.CalculusFact:deps",
   [["deps",
     [["«ARK-P-neq-NP»/ARK_Core:extraDep",
       [["@«ARK-P-neq-NP»:extraDep", "00000000000006bb"]]],
      ["imports",
       [["Mathlib.Analysis.SpecialFunctions.Exp transitive imports (legacy)",
         "c208bc5cd904c237"],
        ["Mathlib.Analysis.SpecialFunctions.Exp:importAllArts",
         "6f178154c804f04e"],
        ["Mathlib.Analysis.SpecialFunctions.Pow.Real transitive imports (legacy)",
         "cc8cab0733d8d341"],
        ["Mathlib.Analysis.SpecialFunctions.Pow.Real:importAllArts",
         "3b41faff86674a4b"],
        ["Mathlib.LinearAlgebra.Dimension.Finrank transitive imports (legacy)",
         "1ca7602c1258f971"],
        ["Mathlib.LinearAlgebra.Dimension.Finrank:importAllArts",
         "a6550746b09be1f5"]]]]],
    ["libs",
     [["import dynlibs", "00000000000006bb"],
      ["package external libraries", "00000000000006bb"],
      ["module dynlibs", "00000000000006bb"],
      ["module plugins", "00000000000006bb"]]]]],
  ["Lean 4.27.0, commit 2fcce7258eeb6e324366bc25f9058293b04b7547",
   "6f43b597efea5d4c"],
  ["/app/src/ARK_Core/CalculusFact.lean", "d6b36035fd21f837"],
  ["options", "00000000000006bb"],
  ["Module.leanArgs: #[]", "00000000000006bb"]],
 "depHash": "12eeaf2e36ddf1ac"}