{"synthetic": false,
 "schemaVersion": "2025-09-10",
 "outputs":
 {"o": ["0d4d14f3fee878c6.olean"],
  "i": "3a48ef21aa4e11e1.ilean",
  "c": "f9ef759241f8a408.c"},
 "log":
 [{"message":
   ".> LEAN_PATH=/app/.lake/packages/Cli/.lake/build/lib/lean:/app/.lake/packages/batteries/.lake/build/lib/lean:/app/.lake/packages/Qq/.lake/build/lib/lean:/app/.lake/packages/aesop/.lake/build/lib/lean:/app/.lake/packages/proofwidgets/.lake/build/lib/lean:/app/.lake/packages/importGraph/.lake/build/lib/lean:/app/.lake/packages/LeanSearchClient/.lake/build/lib/lean:/app/.lake/packages/plausible/.lake/build/lib/lean:/app/.lake/packages/mathlib/.lake/build/lib/lean:/app/.lake/build/lib/lean /home/jules/.elan/toolchains/leanprover--lean4---v4.27.0-rc1/bin/lean /app/src/ARK_Core/Cosmology.lean -o /app/.lake/build/lib/lean/ARK_Core/Cosmology.olean -i /app/.lake/build/lib/lean/ARK_Core/Cosmology.ilean -c /app/.lake/build/ir/ARK_Core/Cosmology.c --setup /app/.lake/build/ir/ARK_Core/Cosmology.setup.json --json",
   "level": "trace"},
  {"message": "src/ARK_Core/Cosmology.lean:56:8: declaration uses 'sorry'",
   "level": "warning"},
  {"message": "src/ARK_Core/Cosmology.lean:61:8: declaration uses 'sorry'",
   "level": "warning"}],
 "inputs":
 [["ARK_Core.Cosmology:deps",
   [["deps",
     [["«ARK-P-neq-NP»/ARK_Core:extraDep",
       [["@«ARK-P-neq-NP»:extraDep", "00000000000006bb"]]],
      ["imports",
       [["Mathlib.Data.Real.Basic transitive imports (legacy)",
         "90695abd9128f380"],
        ["Mathlib.Data.Real.Basic:importAllArts", "6be45c3c8fdad7c7"],
        ["Mathlib.Analysis.SpecialFunctions.Trigonometric.Basic transitive imports (legacy)",
         "e217eca3c3f845c1"],
        ["Mathlib.Analysis.SpecialFunctions.Trigonometric.Basic:importAllArts",
         "913a20c57ac1bed8"],
        ["Mathlib.Analysis.SpecialFunctions.Exp transitive imports (legacy)",
         "c208bc5cd904c237"],
        ["Mathlib.Analysis.SpecialFunctions.Exp:importAllArts",
         "6f178154c804f04e"]]]]],
    ["libs",
     [["import dynlibs", "00000000000006bb"],
      ["package external libraries", "00000000000006bb"],
      ["module dynlibs", "00000000000006bb"],
      ["module plugins", "00000000000006bb"]]]]],
  ["Lean 4.27.0, commit 2fcce7258eeb6e324366bc25f9058293b04b7547",
   "6f43b597efea5d4c"],
  ["/app/src/ARK_Core/Cosmology.lean", "b64dc5c3662b5356"],
  ["options", "00000000000006bb"],
  ["Module.leanArgs: #[]", "00000000000006bb"]],
 "depHash": "2daf837af20de9b9"}