{"synthetic": false,
 "schemaVersion": "2025-09-10",
 "outputs":
 {"o": ["da030868d017a039.olean"],
  "i": "edd824e34d54718c.ilean",
  "c": "6661e8c8e5a72889.c"},
 "log":
 [{"message":
   ".> LEAN_PATH=/app/.lake/packages/Cli/.lake/build/lib/lean:/app/.lake/packages/batteries/.lake/build/lib/lean:/app/.lake/packages/Qq/.lake/build/lib/lean:/app/.lake/packages/aesop/.lake/build/lib/lean:/app/.lake/packages/proofwidgets/.lake/build/lib/lean:/app/.lake/packages/importGraph/.lake/build/lib/lean:/app/.lake/packages/LeanSearchClient/.lake/build/lib/lean:/app/.lake/packages/plausible/.lake/build/lib/lean:/app/.lake/packages/mathlib/.lake/build/lib/lean:/app/.lake/build/lib/lean /home/jules/.elan/toolchains/leanprover--lean4---v4.27.0-rc1/bin/lean /app/src/ARK_Core/Impossibility.lean -o /app/.lake/build/lib/lean/ARK_Core/Impossibility.olean -i /app/.lake/build/lib/lean/ARK_Core/Impossibility.ilean -c /app/.lake/build/ir/ARK_Core/Impossibility.c --setup /app/.lake/build/ir/ARK_Core/Impossibility.setup.json --json",
   "level": "trace"},
  {"message": "src/ARK_Core/Impossibility.lean:36:8: declaration uses 'sorry'",
   "level": "warning"}],
 "inputs":
 [["ARK_Core.Impossibility:deps",
   [["deps",
     [["«ARK-P-neq-NP»/ARK_Core:extraDep",
       [["@«ARK-P-neq-NP»:extraDep", "00000000000006bb"]]],
      ["imports",
       [["ARK_Core.SpectralGap transitive imports (legacy)",
         "e54b7cc2f5ede314"],
        ["ARK_Core.SpectralGap:importAllArts", "5c4b4d95ce6e3f3c"],
        ["ARK_Core.CalculusFact transitive imports (legacy)",
         "0829d0d8b3f9cab7"],
        ["ARK_Core.CalculusFact:importAllArts", "57cb2624c4e5b071"],
        ["Mathlib.Analysis.SpecialFunctions.Exp transitive imports (legacy)",
         "c208bc5cd904c237"],
        ["Mathlib.Analysis.SpecialFunctions.Exp:importAllArts",
         "6f178154c804f04e"],
        ["Mathlib.Analysis.SpecialFunctions.Pow.Real transitive imports (legacy)",
         "cc8cab0733d8d341"],
        ["Mathlib.Analysis.SpecialFunctions.Pow.Real:importAllArts",
         "3b41faff86674a4b"],
        ["Mathlib.LinearAlgebra.Dimension.Finrank transitive imports (legacy)",
         "1ca7602c1258f971"],
        ["Mathlib.LinearAlgebra.Dimension.Finrank:importAllArts",
         "a6550746b09be1f5"]]]]],
    ["libs",
     [["import dynlibs", "00000000000006bb"],
      ["package external libraries", "00000000000006bb"],
      ["module dynlibs", "00000000000006bb"],
      ["module plugins", "00000000000006bb"]]]]],
  ["Lean 4.27.0, commit 2fcce7258eeb6e324366bc25f9058293b04b7547",
   "6f43b597efea5d4c"],
  ["/app/src/ARK_Core/Impossibility.lean", "36c599734fb25086"],
  ["options", "00000000000006bb"],
  ["Module.leanArgs: #[]", "00000000000006bb"]],
 "depHash": "420e07c0ae89ad45"}