{"synthetic": false,
 "schemaVersion": "2025-09-10",
 "outputs":
 {"o": ["41d8fe4e959fec21.olean"],
  "i": "ceb6509573155164.ilean",
  "c": "bf4d816391357ff7.c"},
 "log":
 [{"message":
   ".> LEAN_PATH=/app/.lake/packages/Cli/.lake/build/lib/lean:/app/.lake/packages/batteries/.lake/build/lib/lean:/app/.lake/packages/Qq/.lake/build/lib/lean:/app/.lake/packages/aesop/.lake/build/lib/lean:/app/.lake/packages/proofwidgets/.lake/build/lib/lean:/app/.lake/packages/importGraph/.lake/build/lib/lean:/app/.lake/packages/LeanSearchClient/.lake/build/lib/lean:/app/.lake/packages/plausible/.lake/build/lib/lean:/app/.lake/packages/mathlib/.lake/build/lib/lean:/app/.lake/build/lib/lean /home/jules/.elan/toolchains/leanprover--lean4---v4.27.0-rc1/bin/lean /app/src/ARK_Core/WitnessN.lean -o /app/.lake/build/lib/lean/ARK_Core/WitnessN.olean -i /app/.lake/build/lib/lean/ARK_Core/WitnessN.ilean -c /app/.lake/build/ir/ARK_Core/WitnessN.c --setup /app/.lake/build/ir/ARK_Core/WitnessN.setup.json --json",
   "level": "trace"},
  {"message": "src/ARK_Core/WitnessN.lean:33:6: declaration uses 'sorry'",
   "level": "warning"},
  {"message": "src/ARK_Core/WitnessN.lean:48:8: declaration uses 'sorry'",
   "level": "warning"},
  {"message": "src/ARK_Core/WitnessN.lean:58:8: declaration uses 'sorry'",
   "level": "warning"}],
 "inputs":
 [["ARK_Core.WitnessN:deps",
   [["deps",
     [["«ARK-P-neq-NP»/ARK_Core:extraDep",
       [["@«ARK-P-neq-NP»:extraDep", "00000000000006bb"]]],
      ["imports",
       [["ARK_Core.Impossibility transitive imports (legacy)",
         "b5fab1922e37b291"],
        ["ARK_Core.Impossibility:importAllArts", "ed93ae439884b64c"],
        ["Mathlib.Analysis.InnerProductSpace.PiL2 transitive imports (legacy)",
         "39afb2d5d5526a74"],
        ["Mathlib.Analysis.InnerProductSpace.PiL2:importAllArts",
         "54bea08d017db6f6"],
        ["Mathlib.Analysis.Calculus.ContDiff.Basic transitive imports (legacy)",
         "5533991076b48020"],
        ["Mathlib.Analysis.Calculus.ContDiff.Basic:importAllArts",
         "72610a5f4c5e9484"],
        ["Mathlib.Algebra.Ring.Parity transitive imports (legacy)",
         "9af97fabf94e6a8d"],
        ["Mathlib.Algebra.Ring.Parity:importAllArts", "bfce03e49b157c6a"],
        ["Mathlib.Tactic.Linarith transitive imports (legacy)",
         "dfdc4837255e8a5d"],
        ["Mathlib.Tactic.Linarith:importAllArts", "4c3e14b6fa6e0f20"],
        ["Mathlib.Logic.Basic transitive imports (legacy)", "0b1e9bb1f592fcf0"],
        ["Mathlib.Logic.Basic:importAllArts", "09fddcf8e2285e56"]]]]],
    ["libs",
     [["import dynlibs", "00000000000006bb"],
      ["package external libraries", "00000000000006bb"],
      ["module dynlibs", "00000000000006bb"],
      ["module plugins", "00000000000006bb"]]]]],
  ["Lean 4.27.0, commit 2fcce7258eeb6e324366bc25f9058293b04b7547",
   "6f43b597efea5d4c"],
  ["/app/src/ARK_Core/WitnessN.lean", "d08f51587263b504"],
  ["options", "00000000000006bb"],
  ["Module.leanArgs: #[]", "00000000000006bb"]],
 "depHash": "4a959b5195e4c190"}