{"synthetic": false,
 "schemaVersion": "2025-09-10",
 "outputs":
 {"o": ["262bc7cd8bcf2bae.olean"],
  "i": "148f254fa1f4723a.ilean",
  "c": "622cbf75612fb85a.c"},
 "log":
 [{"message":
   ".> LEAN_PATH=/app/.lake/packages/Cli/.lake/build/lib/lean:/app/.lake/packages/batteries/.lake/build/lib/lean:/app/.lake/packages/Qq/.lake/build/lib/lean:/app/.lake/packages/aesop/.lake/build/lib/lean:/app/.lake/packages/proofwidgets/.lake/build/lib/lean:/app/.lake/packages/importGraph/.lake/build/lib/lean:/app/.lake/packages/LeanSearchClient/.lake/build/lib/lean:/app/.lake/packages/plausible/.lake/build/lib/lean:/app/.lake/packages/mathlib/.lake/build/lib/lean:/app/.lake/build/lib/lean /home/jules/.elan/toolchains/leanprover--lean4---v4.27.0-rc1/bin/lean /app/src/ARK_Core/Witness.lean -o /app/.lake/build/lib/lean/ARK_Core/Witness.olean -i /app/.lake/build/lib/lean/ARK_Core/Witness.ilean -c /app/.lake/build/ir/ARK_Core/Witness.c --setup /app/.lake/build/ir/ARK_Core/Witness.setup.json --json",
   "level": "trace"},
  {"message": "src/ARK_Core/Witness.lean:28:4: declaration uses 'sorry'",
   "level": "warning"},
  {"message": "src/ARK_Core/Witness.lean:36:8: declaration uses 'sorry'",
   "level": "warning"},
  {"message": "src/ARK_Core/Witness.lean:40:8: declaration uses 'sorry'",
   "level": "warning"},
  {"message":
   "src/ARK_Core/Witness.lean:57:40: unused variable `h_p_np`\n\nNote: This linter can be disabled with `set_option linter.unusedVariables false`",
   "level": "warning"}],
 "inputs":
 [["ARK_Core.Witness:deps",
   [["deps",
     [["«ARK-P-neq-NP»/ARK_Core:extraDep",
       [["@«ARK-P-neq-NP»:extraDep", "00000000000006bb"]]],
      ["imports",
       [["ARK_Core.Impossibility transitive imports (legacy)",
         "b5fab1922e37b291"],
        ["ARK_Core.Impossibility:importAllArts", "ed93ae439884b64c"],
        ["Mathlib.Analysis.InnerProductSpace.PiL2 transitive imports (legacy)",
         "39afb2d5d5526a74"],
        ["Mathlib.Analysis.InnerProductSpace.PiL2:importAllArts",
         "54bea08d017db6f6"],
        ["Mathlib.Analysis.Calculus.ContDiff.Basic transitive imports (legacy)",
         "5533991076b48020"],
        ["Mathlib.Analysis.Calculus.ContDiff.Basic:importAllArts",
         "72610a5f4c5e9484"],
        ["Mathlib.Analysis.Complex.ExponentialBounds transitive imports (legacy)",
         "87009adc9153d1c3"],
        ["Mathlib.Analysis.Complex.ExponentialBounds:importAllArts",
         "c3c927dc7b88fb39"],
        ["Mathlib.Tactic.NormNum transitive imports (legacy)",
         "1c80dd4cb6c83e03"],
        ["Mathlib.Tactic.NormNum:importAllArts", "3c4a54528b38cec2"],
        ["Mathlib.Tactic.IntervalCases transitive imports (legacy)",
         "70efd24c07bd50fe"],
        ["Mathlib.Tactic.IntervalCases:importAllArts", "799b333ee366ab3e"],
        ["Mathlib.Tactic.Linarith transitive imports (legacy)",
         "dfdc4837255e8a5d"],
        ["Mathlib.Tactic.Linarith:importAllArts", "4c3e14b6fa6e0f20"]]]]],
    ["libs",
     [["import dynlibs", "00000000000006bb"],
      ["package external libraries", "00000000000006bb"],
      ["module dynlibs", "00000000000006bb"],
      ["module plugins", "00000000000006bb"]]]]],
  ["Lean 4.27.0, commit 2fcce7258eeb6e324366bc25f9058293b04b7547",
   "6f43b597efea5d4c"],
  ["/app/src/ARK_Core/Witness.lean", "89db10d558ab0e1f"],
  ["options", "00000000000006bb"],
  ["Module.leanArgs: #[]", "00000000000006bb"]],
 "depHash": "b4651772be376b3b"}