{"synthetic": false,
 "schemaVersion": "2025-09-10",
 "outputs":
 {"o": ["985b02a875d69400.olean"],
  "i": "a1d04f67079633e7.ilean",
  "c": "bb2476e718b60144.c"},
 "log":
 [{"message":
   ".> LEAN_PATH=/app/.lake/packages/Cli/.lake/build/lib/lean:/app/.lake/packages/batteries/.lake/build/lib/lean:/app/.lake/packages/Qq/.lake/build/lib/lean:/app/.lake/packages/aesop/.lake/build/lib/lean:/app/.lake/packages/proofwidgets/.lake/build/lib/lean:/app/.lake/packages/importGraph/.lake/build/lib/lean:/app/.lake/packages/LeanSearchClient/.lake/build/lib/lean:/app/.lake/packages/plausible/.lake/build/lib/lean:/app/.lake/packages/mathlib/.lake/build/lib/lean:/app/.lake/build/lib/lean /home/jules/.elan/toolchains/leanprover--lean4---v4.27.0-rc1/bin/lean /app/src/ARK_Core/WittenOperator.lean -o /app/.lake/build/lib/lean/ARK_Core/WittenOperator.olean -i /app/.lake/build/lib/lean/ARK_Core/WittenOperator.ilean -c /app/.lake/build/ir/ARK_Core/WittenOperator.c --setup /app/.lake/build/ir/ARK_Core/WittenOperator.setup.json --json",
   "level": "trace"}],
 "inputs":
 [["ARK_Core.WittenOperator:deps",
   [["deps",
     [["«ARK-P-neq-NP»/ARK_Core:extraDep",
       [["@«ARK-P-neq-NP»:extraDep", "00000000000006bb"]]],
      ["imports",
       [["Mathlib.Analysis.InnerProductSpace.Basic transitive imports (legacy)",
         "b683b9d952ea6ef1"],
        ["Mathlib.Analysis.InnerProductSpace.Basic:importAllArts",
         "ca12710df21786ea"],
        ["Mathlib.Analysis.InnerProductSpace.Dual transitive imports (legacy)",
         "fdf3a07694645d1c"],
        ["Mathlib.Analysis.InnerProductSpace.Dual:importAllArts",
         "159625fee585f9ae"],
        ["Mathlib.Analysis.Calculus.FDeriv.Basic transitive imports (legacy)",
         "61b34a8e511d1fbe"],
        ["Mathlib.Analysis.Calculus.FDeriv.Basic:importAllArts",
         "eddb3575a17bed67"],
        ["Mathlib.Analysis.Calculus.ContDiff.Defs transitive imports (legacy)",
         "4358ce73e1000747"],
        ["Mathlib.Analysis.Calculus.ContDiff.Defs:importAllArts",
         "00bb54b530304ad3"],
        ["Mathlib.LinearAlgebra.FiniteDimensional.Defs transitive imports (legacy)",
         "e5fc5b5c02e45c4d"],
        ["Mathlib.LinearAlgebra.FiniteDimensional.Defs:importAllArts",
         "5a97122d23a0750d"],
        ["Mathlib.Topology.Path transitive imports (legacy)",
         "76b0f158bf02efcf"],
        ["Mathlib.Topology.Path:importAllArts", "14c2d55329bc3c47"]]]]],
    ["libs",
     [["import dynlibs", "00000000000006bb"],
      ["package external libraries", "00000000000006bb"],
      ["module dynlibs", "00000000000006bb"],
      ["module plugins", "00000000000006bb"]]]]],
  ["Lean 4.27.0, commit 2fcce7258eeb6e324366bc25f9058293b04b7547",
   "6f43b597efea5d4c"],
  ["/app/src/ARK_Core/WittenOperator.lean", "0e8c9621cfcad286"],
  ["options", "00000000000006bb"],
  ["Module.leanArgs: #[]", "00000000000006bb"]],
 "depHash": "589f69d3957cbb60"}