{"synthetic": false,
 "schemaVersion": "2025-09-10",
 "outputs":
 {"o": ["de13ecb9bd802e9a.olean"],
  "i": "b804f2995923b965.ilean",
  "c": "2144c097b540bc26.c"},
 "log":
 [{"message":
   ".> LEAN_PATH=/app/.lake/packages/Cli/.lake/build/lib/lean:/app/.lake/packages/batteries/.lake/build/lib/lean:/app/.lake/packages/Qq/.lake/build/lib/lean:/app/.lake/packages/aesop/.lake/build/lib/lean:/app/.lake/packages/proofwidgets/.lake/build/lib/lean:/app/.lake/packages/importGraph/.lake/build/lib/lean:/app/.lake/packages/LeanSearchClient/.lake/build/lib/lean:/app/.lake/packages/plausible/.lake/build/lib/lean:/app/.lake/packages/mathlib/.lake/build/lib/lean:/app/.lake/build/lib/lean /home/jules/.elan/toolchains/leanprover--lean4---v4.27.0-rc1/bin/lean /app/src/ARK_Core.lean -o /app/.lake/build/lib/lean/ARK_Core.olean -i /app/.lake/build/lib/lean/ARK_Core.ilean -c /app/.lake/build/ir/ARK_Core.c --setup /app/.lake/build/ir/ARK_Core.setup.json --json",
   "level": "trace"}],
 "inputs":
 [["ARK_Core:deps",
   [["deps",
     [["«ARK-P-neq-NP»/ARK_Core:extraDep",
       [["@«ARK-P-neq-NP»:extraDep", "00000000000006bb"]]],
      ["imports",
       [["ARK_Core.WittenOperator transitive imports (legacy)",
         "9b0cb96577367b5b"],
        ["ARK_Core.WittenOperator:importAllArts", "e302714535b309d2"],
        ["ARK_Core.SpectralGap transitive imports (legacy)",
         "1ee363168461cfde"],
        ["ARK_Core.SpectralGap:importAllArts", "5c4b4d95ce6e3f3c"],
        ["ARK_Core.Impossibility transitive imports (legacy)",
         "cd8ca6c095d274c1"],
        ["ARK_Core.Impossibility:importAllArts", "ed93ae439884b64c"],
        ["ARK_Core.Witness transitive imports (legacy)", "a0dbdbb32c2e0295"],
        ["ARK_Core.Witness:importAllArts", "1a9737fd99f8d0ce"]]]]],
    ["libs",
     [["import dynlibs", "00000000000006bb"],
      ["package external libraries", "00000000000006bb"],
      ["module dynlibs", "00000000000006bb"],
      ["module plugins", "00000000000006bb"]]]]],
  ["Lean 4.27.0, commit 2fcce7258eeb6e324366bc25f9058293b04b7547",
   "6f43b597efea5d4c"],
  ["/app/src/ARK_Core.lean", "3796114883d696a8"],
  ["options", "00000000000006bb"],
  ["Module.leanArgs: #[]", "00000000000006bb"]],
 "depHash": "f428f69f86546c73"}