{"synthetic": false,
 "schemaVersion": "2025-09-10",
 "outputs":
 {"o": ["56700087164c2c0c.olean"],
  "i": "b726a22a8796a3b0.ilean",
  "c": "f1bcb3afa5e3848a.c"},
 "log":
 [{"message":
   ".> LEAN_PATH=/app/.lake/packages/Cli/.lake/build/lib/lean:/app/.lake/packages/batteries/.lake/build/lib/lean:/app/.lake/packages/Qq/.lake/build/lib/lean:/app/.lake/packages/aesop/.lake/build/lib/lean:/app/.lake/packages/proofwidgets/.lake/build/lib/lean:/app/.lake/packages/importGraph/.lake/build/lib/lean:/app/.lake/packages/LeanSearchClient/.lake/build/lib/lean:/app/.lake/packages/plausible/.lake/build/lib/lean:/app/.lake/packages/mathlib/.lake/build/lib/lean:/app/.lake/build/lib/lean /home/jules/.elan/toolchains/leanprover--lean4---v4.27.0-rc1/bin/lean /app/test/RunVerification.lean -o /app/.lake/build/lib/lean/RunVerification.olean -i /app/.lake/build/lib/lean/RunVerification.ilean -c /app/.lake/build/ir/RunVerification.c --setup /app/.lake/build/ir/RunVerification.setup.json --json",
   "level": "trace"}],
 "inputs":
 [["RunVerification:deps",
   [["deps",
     [["«ARK-P-neq-NP»/verify_ark:extraDep",
       [["@«ARK-P-neq-NP»:extraDep", "00000000000006bb"]]],
      ["imports",
       [["ARK_Core.Impossibility transitive imports (legacy)",
         "b5fab1922e37b291"],
        ["ARK_Core.Impossibility:importAllArts", "ed93ae439884b64c"],
        ["ARK_Core.Cosmology transitive imports (legacy)", "8444a1db6550f47f"],
        ["ARK_Core.Cosmology:importAllArts", "83444c9129ae4f87"],
        ["ARK_Core.Witness transitive imports (legacy)", "cc34b4ba6a3fd2ce"],
        ["ARK_Core.Witness:importAllArts", "ccd218b704849e1b"],
        ["ARK_Core.WitnessN transitive imports (legacy)", "c79f887ffc9b3916"],
        ["ARK_Core.WitnessN:importAllArts", "974bda32441f4e9c"]]]]],
    ["libs",
     [["import dynlibs", "00000000000006bb"],
      ["package external libraries", "00000000000006bb"],
      ["module dynlibs", "00000000000006bb"],
      ["module plugins", "00000000000006bb"]]]]],
  ["Lean 4.27.0, commit 2fcce7258eeb6e324366bc25f9058293b04b7547",
   "6f43b597efea5d4c"],
  ["/app/test/RunVerification.lean", "05290dd1728505bf"],
  ["options", "00000000000006bb"],
  ["Module.leanArgs: #[]", "00000000000006bb"]],
 "depHash": "a24c471a1472a006"}